[0m13:49:55.491328 [debug] [MainThread]: Sending event: {'category': 'dbt', 'action': 'invocation', 'label': 'start', 'context': [<snowplow_tracker.self_describing_json.SelfDescribingJson object at 0x000001E022C76B10>, <snowplow_tracker.self_describing_json.SelfDescribingJson object at 0x000001E022DAEF00>, <snowplow_tracker.self_describing_json.SelfDescribingJson object at 0x000001E0226A2330>]}


============================== 13:49:55.511337 | 7a26b2d8-da58-4bab-80f6-a561fe694bde ==============================
[0m13:49:55.511337 [info ] [MainThread]: Running with dbt=1.10.4
[0m13:49:55.513338 [debug] [MainThread]: running dbt with arguments {'printer_width': '80', 'indirect_selection': 'eager', 'write_json': 'True', 'log_cache_events': 'False', 'partial_parse': 'True', 'cache_selected_only': 'False', 'profiles_dir': '../', 'fail_fast': 'False', 'version_check': 'True', 'log_path': 'logs', 'debug': 'False', 'warn_error': 'None', 'use_colors': 'True', 'use_experimental_parser': 'False', 'empty': 'None', 'quiet': 'False', 'no_print': 'None', 'log_format': 'default', 'static_parser': 'True', 'invocation_command': 'dbt init', 'introspect': 'True', 'target_path': 'None', 'warn_error_options': 'WarnErrorOptionsV2(error=[], warn=[], silence=[])', 'send_anonymous_usage_stats': 'True'}
[0m13:50:05.413423 [debug] [MainThread]: Starter project path: c:\Users\kleyber.oliveira\Desktop\Projetos\python\pipeline-etl-python\.venv\Lib\site-packages\dbt\include\starter_project
[0m13:50:05.794995 [info ] [MainThread]: 
Your new dbt project "datawarehouse" was created!

For more information on how to configure the profiles.yml file,
please consult the dbt documentation here:

  https://docs.getdbt.com/docs/configure-your-profile

One more thing:

Need help? Don't hesitate to reach out to us via GitHub issues or on Slack:

  https://community.getdbt.com/

Happy modeling!

[0m13:50:05.795996 [info ] [MainThread]: Setting up your profile.
[0m13:51:26.632159 [info ] [MainThread]: Profile datawarehouse written to ..\profiles.yml using target's profile_template.yml and your supplied values. Run 'dbt debug' to validate the connection.
[0m13:51:26.635161 [debug] [MainThread]: Command `dbt init` succeeded at 13:51:26.635161 after 91.58 seconds
[0m13:51:26.636160 [debug] [MainThread]: Sending event: {'category': 'dbt', 'action': 'invocation', 'label': 'end', 'context': [<snowplow_tracker.self_describing_json.SelfDescribingJson object at 0x000001E020A4F9B0>, <snowplow_tracker.self_describing_json.SelfDescribingJson object at 0x000001E022A2CFB0>, <snowplow_tracker.self_describing_json.SelfDescribingJson object at 0x000001E0246FF5F0>]}
[0m13:51:26.637163 [debug] [MainThread]: Flushing usage events
[0m13:51:27.520613 [debug] [MainThread]: An error was encountered while trying to flush usage events
